{"/Users/raul/_dev/HACKATHONS/f5/hackathon-f5/backend/src/app.controller.ts": {"path":"/Users/raul/_dev/HACKATHONS/f5/hackathon-f5/backend/src/app.controller.ts","statementMap":{"0":{"start":{"line":1,"column":0},"end":{"line":1,"column":72}},"1":{"start":{"line":2,"column":0},"end":{"line":2,"column":43}},"2":{"start":{"line":9,"column":26},"end":{"line":16,"column":null}},"3":{"start":{"line":10,"column":31},"end":{"line":10,"column":43}},"4":{"start":{"line":14,"column":4},"end":{"line":14,"column":26}},"5":{"start":{"line":13,"column":2},"end":{"line":15,"column":null}},"6":{"start":{"line":9,"column":13},"end":{"line":16,"column":null}}},"fnMap":{"0":{"name":"(anonymous_2)","decl":{"start":{"line":10,"column":2},"end":{"line":10,"column":31}},"loc":{"start":{"line":10,"column":53},"end":{"line":10,"column":57}}},"1":{"name":"(anonymous_3)","decl":{"start":{"line":13,"column":2},"end":{"line":13,"column":10}},"loc":{"start":{"line":13,"column":10},"end":{"line":15,"column":3}}}},"branchMap":{},"s":{"0":1,"1":1,"2":1,"3":1,"4":1,"5":1,"6":1},"f":{"0":1,"1":1},"b":{}}
,"/Users/raul/_dev/HACKATHONS/f5/hackathon-f5/backend/src/app.module.ts": {"path":"/Users/raul/_dev/HACKATHONS/f5/hackathon-f5/backend/src/app.module.ts","statementMap":{"0":{"start":{"line":1,"column":0},"end":{"line":1,"column":40}},"1":{"start":{"line":2,"column":0},"end":{"line":2,"column":49}},"2":{"start":{"line":3,"column":0},"end":{"line":3,"column":43}},"3":{"start":{"line":4,"column":0},"end":{"line":4,"column":60}},"4":{"start":{"line":5,"column":0},"end":{"line":5,"column":59}},"5":{"start":{"line":6,"column":0},"end":{"line":6,"column":65}},"6":{"start":{"line":7,"column":0},"end":{"line":7,"column":71}},"7":{"start":{"line":14,"column":22},"end":{"line":14,"column":null}},"8":{"start":{"line":14,"column":13},"end":{"line":14,"column":null}}},"fnMap":{},"branchMap":{},"s":{"0":0,"1":0,"2":0,"3":0,"4":0,"5":0,"6":0,"7":0,"8":0},"f":{},"b":{}}
,"/Users/raul/_dev/HACKATHONS/f5/hackathon-f5/backend/src/app.service.ts": {"path":"/Users/raul/_dev/HACKATHONS/f5/hackathon-f5/backend/src/app.service.ts","statementMap":{"0":{"start":{"line":1,"column":0},"end":{"line":1,"column":44}},"1":{"start":{"line":4,"column":23},"end":{"line":8,"column":null}},"2":{"start":{"line":6,"column":4},"end":{"line":6,"column":26}},"3":{"start":{"line":4,"column":13},"end":{"line":8,"column":null}}},"fnMap":{"0":{"name":"(anonymous_1)","decl":{"start":{"line":5,"column":2},"end":{"line":5,"column":10}},"loc":{"start":{"line":5,"column":10},"end":{"line":7,"column":3}}}},"branchMap":{},"s":{"0":1,"1":1,"2":0,"3":1},"f":{"0":0},"b":{}}
,"/Users/raul/_dev/HACKATHONS/f5/hackathon-f5/backend/src/main.ts": {"path":"/Users/raul/_dev/HACKATHONS/f5/hackathon-f5/backend/src/main.ts","statementMap":{"0":{"start":{"line":1,"column":0},"end":{"line":1,"column":43}},"1":{"start":{"line":2,"column":0},"end":{"line":2,"column":41}},"2":{"start":{"line":5,"column":14},"end":{"line":5,"column":49}},"3":{"start":{"line":6,"column":2},"end":{"line":6,"column":19}},"4":{"start":{"line":7,"column":2},"end":{"line":7,"column":25}},"5":{"start":{"line":9,"column":0},"end":{"line":9,"column":12}}},"fnMap":{"0":{"name":"bootstrap","decl":{"start":{"line":4,"column":15},"end":{"line":4,"column":24}},"loc":{"start":{"line":4,"column":24},"end":{"line":8,"column":1}}}},"branchMap":{},"s":{"0":0,"1":0,"2":0,"3":0,"4":0,"5":0},"f":{"0":0},"b":{}}
,"/Users/raul/_dev/HACKATHONS/f5/hackathon-f5/backend/src/events/created.product.event.ts": {"path":"/Users/raul/_dev/HACKATHONS/f5/hackathon-f5/backend/src/events/created.product.event.ts","statementMap":{"0":{"start":{"line":2,"column":32},"end":{"line":2,"column":43}},"1":{"start":{"line":2,"column":61},"end":{"line":2,"column":73}},"2":{"start":{"line":1,"column":0},"end":{"line":1,"column":13}}},"fnMap":{"0":{"name":"(anonymous_0)","decl":{"start":{"line":2,"column":4},"end":{"line":2,"column":32}},"loc":{"start":{"line":2,"column":73},"end":{"line":2,"column":77}}}},"branchMap":{},"s":{"0":0,"1":0,"2":0},"f":{"0":0},"b":{}}
,"/Users/raul/_dev/HACKATHONS/f5/hackathon-f5/backend/src/favorites/favorites.controller.ts": {"path":"/Users/raul/_dev/HACKATHONS/f5/hackathon-f5/backend/src/favorites/favorites.controller.ts","statementMap":{"0":{"start":{"line":1,"column":0},"end":{"line":1,"column":81}},"1":{"start":{"line":2,"column":0},"end":{"line":2,"column":63}},"2":{"start":{"line":3,"column":0},"end":{"line":3,"column":63}},"3":{"start":{"line":4,"column":0},"end":{"line":4,"column":60}},"4":{"start":{"line":6,"column":0},"end":{"line":6,"column":55}},"5":{"start":{"line":9,"column":32},"end":{"line":29,"column":null}},"6":{"start":{"line":10,"column":33},"end":{"line":10,"column":51}},"7":{"start":{"line":11,"column":25},"end":{"line":11,"column":39}},"8":{"start":{"line":16,"column":6},"end":{"line":16,"column":90}},"9":{"start":{"line":17,"column":6},"end":{"line":17,"column":142}},"10":{"start":{"line":17,"column":83},"end":{"line":17,"column":138}},"11":{"start":{"line":22,"column":8},"end":{"line":22,"column":60}},"12":{"start":{"line":27,"column":8},"end":{"line":27,"column":49}},"13":{"start":{"line":15,"column":4},"end":{"line":18,"column":null}},"14":{"start":{"line":21,"column":4},"end":{"line":23,"column":null}},"15":{"start":{"line":26,"column":4},"end":{"line":28,"column":null}},"16":{"start":{"line":9,"column":13},"end":{"line":29,"column":null}}},"fnMap":{"0":{"name":"(anonymous_4)","decl":{"start":{"line":10,"column":4},"end":{"line":10,"column":33}},"loc":{"start":{"line":11,"column":52},"end":{"line":12,"column":7}}},"1":{"name":"(anonymous_5)","decl":{"start":{"line":15,"column":4},"end":{"line":15,"column":10}},"loc":{"start":{"line":15,"column":81},"end":{"line":18,"column":5}}},"2":{"name":"(anonymous_6)","decl":{"start":{"line":17,"column":75},"end":{"line":17,"column":76}},"loc":{"start":{"line":17,"column":83},"end":{"line":17,"column":138}}},"3":{"name":"(anonymous_7)","decl":{"start":{"line":21,"column":4},"end":{"line":21,"column":7}},"loc":{"start":{"line":21,"column":52},"end":{"line":23,"column":5}}},"4":{"name":"(anonymous_8)","decl":{"start":{"line":26,"column":4},"end":{"line":26,"column":11}},"loc":{"start":{"line":26,"column":35},"end":{"line":28,"column":5}}}},"branchMap":{},"s":{"0":1,"1":1,"2":1,"3":1,"4":1,"5":1,"6":3,"7":3,"8":0,"9":0,"10":0,"11":1,"12":1,"13":1,"14":1,"15":1,"16":1},"f":{"0":3,"1":0,"2":0,"3":1,"4":1},"b":{}}
,"/Users/raul/_dev/HACKATHONS/f5/hackathon-f5/backend/src/favorites/favorites.service.ts": {"path":"/Users/raul/_dev/HACKATHONS/f5/hackathon-f5/backend/src/favorites/favorites.service.ts","statementMap":{"0":{"start":{"line":1,"column":0},"end":{"line":1,"column":56}},"1":{"start":{"line":2,"column":0},"end":{"line":2,"column":55}},"2":{"start":{"line":5,"column":18},"end":{"line":5,"column":42}},"3":{"start":{"line":8,"column":29},"end":{"line":41,"column":null}},"4":{"start":{"line":11,"column":8},"end":{"line":27,"column":11}},"5":{"start":{"line":12,"column":12},"end":{"line":21,"column":null}},"6":{"start":{"line":13,"column":16},"end":{"line":20,"column":null}},"7":{"start":{"line":14,"column":20},"end":{"line":14,"column":96}},"8":{"start":{"line":15,"column":20},"end":{"line":19,"column":22}},"9":{"start":{"line":22,"column":12},"end":{"line":26,"column":14}},"10":{"start":{"line":31,"column":28},"end":{"line":33,"column":10}},"11":{"start":{"line":32,"column":12},"end":{"line":32,"column":66}},"12":{"start":{"line":32,"column":39},"end":{"line":32,"column":66}},"13":{"start":{"line":34,"column":8},"end":{"line":38,"column":null}},"14":{"start":{"line":8,"column":13},"end":{"line":41,"column":null}}},"fnMap":{"0":{"name":"(anonymous_1)","decl":{"start":{"line":10,"column":4},"end":{"line":10,"column":7}},"loc":{"start":{"line":10,"column":44},"end":{"line":28,"column":5}}},"1":{"name":"(anonymous_2)","decl":{"start":{"line":11,"column":26},"end":{"line":11,"column":34}},"loc":{"start":{"line":11,"column":37},"end":{"line":27,"column":9}}},"2":{"name":"(anonymous_3)","decl":{"start":{"line":30,"column":4},"end":{"line":30,"column":11}},"loc":{"start":{"line":30,"column":22},"end":{"line":39,"column":5}}},"3":{"name":"(anonymous_4)","decl":{"start":{"line":31,"column":42},"end":{"line":31,"column":50}},"loc":{"start":{"line":31,"column":53},"end":{"line":33,"column":9}}}},"branchMap":{"0":{"loc":{"start":{"line":12,"column":12},"end":{"line":21,"column":null}},"type":"if","locations":[{"start":{"line":12,"column":12},"end":{"line":21,"column":null}}]},"1":{"loc":{"start":{"line":13,"column":16},"end":{"line":20,"column":null}},"type":"if","locations":[{"start":{"line":13,"column":16},"end":{"line":20,"column":null}}]},"2":{"loc":{"start":{"line":32,"column":12},"end":{"line":32,"column":66}},"type":"if","locations":[{"start":{"line":32,"column":12},"end":{"line":32,"column":66}}]}},"s":{"0":2,"1":2,"2":2,"3":2,"4":0,"5":0,"6":0,"7":0,"8":0,"9":0,"10":0,"11":0,"12":0,"13":0,"14":2},"f":{"0":0,"1":0,"2":0,"3":0},"b":{"0":[0],"1":[0],"2":[0]}}
,"/Users/raul/_dev/HACKATHONS/f5/hackathon-f5/backend/src/favorites/dtos/create.favorite.dto.ts": {"path":"/Users/raul/_dev/HACKATHONS/f5/hackathon-f5/backend/src/favorites/dtos/create.favorite.dto.ts","statementMap":{"0":{"start":{"line":1,"column":0},"end":{"line":1,"column":13}}},"fnMap":{},"branchMap":{},"s":{"0":1},"f":{},"b":{}}
,"/Users/raul/_dev/HACKATHONS/f5/hackathon-f5/backend/src/products/products.controller.ts": {"path":"/Users/raul/_dev/HACKATHONS/f5/hackathon-f5/backend/src/products/products.controller.ts","statementMap":{"0":{"start":{"line":1,"column":0},"end":{"line":1,"column":109}},"1":{"start":{"line":2,"column":0},"end":{"line":2,"column":53}},"2":{"start":{"line":3,"column":0},"end":{"line":3,"column":60}},"3":{"start":{"line":8,"column":31},"end":{"line":30,"column":null}},"4":{"start":{"line":9,"column":31},"end":{"line":9,"column":48}},"5":{"start":{"line":13,"column":4},"end":{"line":13,"column":57}},"6":{"start":{"line":18,"column":4},"end":{"line":18,"column":42}},"7":{"start":{"line":23,"column":4},"end":{"line":23,"column":70}},"8":{"start":{"line":28,"column":4},"end":{"line":28,"column":44}},"9":{"start":{"line":12,"column":2},"end":{"line":14,"column":null}},"10":{"start":{"line":17,"column":2},"end":{"line":19,"column":null}},"11":{"start":{"line":22,"column":2},"end":{"line":24,"column":null}},"12":{"start":{"line":27,"column":2},"end":{"line":29,"column":null}},"13":{"start":{"line":8,"column":13},"end":{"line":30,"column":null}}},"fnMap":{"0":{"name":"(anonymous_4)","decl":{"start":{"line":9,"column":2},"end":{"line":9,"column":31}},"loc":{"start":{"line":9,"column":63},"end":{"line":9,"column":67}}},"1":{"name":"(anonymous_5)","decl":{"start":{"line":12,"column":2},"end":{"line":12,"column":8}},"loc":{"start":{"line":12,"column":51},"end":{"line":14,"column":3}}},"2":{"name":"(anonymous_6)","decl":{"start":{"line":17,"column":2},"end":{"line":17,"column":9}},"loc":{"start":{"line":17,"column":9},"end":{"line":19,"column":3}}},"3":{"name":"(anonymous_7)","decl":{"start":{"line":22,"column":2},"end":{"line":22,"column":8}},"loc":{"start":{"line":22,"column":120},"end":{"line":24,"column":3}}},"4":{"name":"(anonymous_8)","decl":{"start":{"line":27,"column":2},"end":{"line":27,"column":9}},"loc":{"start":{"line":27,"column":33},"end":{"line":29,"column":3}}}},"branchMap":{},"s":{"0":1,"1":1,"2":1,"3":1,"4":6,"5":1,"6":1,"7":2,"8":1,"9":1,"10":1,"11":1,"12":1,"13":1},"f":{"0":6,"1":1,"2":1,"3":2,"4":1},"b":{}}
,"/Users/raul/_dev/HACKATHONS/f5/hackathon-f5/backend/src/products/products.module.ts": {"path":"/Users/raul/_dev/HACKATHONS/f5/hackathon-f5/backend/src/products/products.module.ts","statementMap":{"0":{"start":{"line":1,"column":0},"end":{"line":1,"column":40}},"1":{"start":{"line":2,"column":0},"end":{"line":2,"column":53}},"2":{"start":{"line":3,"column":0},"end":{"line":3,"column":59}},"3":{"start":{"line":9,"column":27},"end":{"line":9,"column":null}},"4":{"start":{"line":9,"column":13},"end":{"line":9,"column":null}}},"fnMap":{},"branchMap":{},"s":{"0":0,"1":0,"2":0,"3":0,"4":0},"f":{},"b":{}}
,"/Users/raul/_dev/HACKATHONS/f5/hackathon-f5/backend/src/products/products.service.ts": {"path":"/Users/raul/_dev/HACKATHONS/f5/hackathon-f5/backend/src/products/products.service.ts","statementMap":{"0":{"start":{"line":1,"column":0},"end":{"line":1,"column":56}},"1":{"start":{"line":3,"column":0},"end":{"line":3,"column":53}},"2":{"start":{"line":4,"column":0},"end":{"line":4,"column":63}},"3":{"start":{"line":7,"column":17},"end":{"line":7,"column":40}},"4":{"start":{"line":10,"column":28},"end":{"line":77,"column":null}},"5":{"start":{"line":12,"column":31},"end":{"line":12,"column":45}},"6":{"start":{"line":15,"column":20},"end":{"line":19,"column":null}},"7":{"start":{"line":21,"column":4},"end":{"line":21,"column":30}},"8":{"start":{"line":22,"column":4},"end":{"line":22,"column":67}},"9":{"start":{"line":23,"column":4},"end":{"line":27,"column":6}},"10":{"start":{"line":31,"column":4},"end":{"line":31,"column":20}},"11":{"start":{"line":35,"column":20},"end":{"line":47,"column":null}},"12":{"start":{"line":37,"column":8},"end":{"line":42,"column":11}},"13":{"start":{"line":38,"column":26},"end":{"line":38,"column":47}},"14":{"start":{"line":39,"column":26},"end":{"line":39,"column":47}},"15":{"start":{"line":41,"column":10},"end":{"line":41,"column":25}},"16":{"start":{"line":45,"column":8},"end":{"line":45,"column":58}},"17":{"start":{"line":45,"column":39},"end":{"line":45,"column":56}},"18":{"start":{"line":48,"column":4},"end":{"line":48,"column":31}},"19":{"start":{"line":52,"column":4},"end":{"line":71,"column":null}},"20":{"start":{"line":53,"column":20},"end":{"line":53,"column":40}},"21":{"start":{"line":54,"column":29},"end":{"line":54,"column":37}},"22":{"start":{"line":56,"column":6},"end":{"line":61,"column":null}},"23":{"start":{"line":57,"column":24},"end":{"line":57,"column":45}},"24":{"start":{"line":58,"column":8},"end":{"line":60,"column":11}},"25":{"start":{"line":59,"column":10},"end":{"line":59,"column":86}},"26":{"start":{"line":59,"column":56},"end":{"line":59,"column":84}},"27":{"start":{"line":63,"column":6},"end":{"line":63,"column":84}},"28":{"start":{"line":63,"column":19},"end":{"line":63,"column":84}},"29":{"start":{"line":64,"column":6},"end":{"line":68,"column":null}},"30":{"start":{"line":70,"column":6},"end":{"line":70,"column":null}},"31":{"start":{"line":75,"column":4},"end":{"line":75,"column":61}},"32":{"start":{"line":75,"column":38},"end":{"line":75,"column":56}},"33":{"start":{"line":10,"column":13},"end":{"line":77,"column":null}}},"fnMap":{"0":{"name":"(anonymous_2)","decl":{"start":{"line":12,"column":2},"end":{"line":12,"column":31}},"loc":{"start":{"line":12,"column":58},"end":{"line":12,"column":62}}},"1":{"name":"(anonymous_3)","decl":{"start":{"line":14,"column":2},"end":{"line":14,"column":8}},"loc":{"start":{"line":14,"column":43},"end":{"line":28,"column":3}}},"2":{"name":"(anonymous_4)","decl":{"start":{"line":30,"column":2},"end":{"line":30,"column":9}},"loc":{"start":{"line":30,"column":9},"end":{"line":32,"column":3}}},"3":{"name":"(anonymous_5)","decl":{"start":{"line":34,"column":2},"end":{"line":34,"column":14}},"loc":{"start":{"line":34,"column":33},"end":{"line":49,"column":3}}},"4":{"name":"(anonymous_6)","decl":{"start":{"line":36,"column":6},"end":{"line":36,"column":15}},"loc":{"start":{"line":36,"column":15},"end":{"line":43,"column":7}}},"5":{"name":"(anonymous_7)","decl":{"start":{"line":37,"column":29},"end":{"line":37,"column":30}},"loc":{"start":{"line":37,"column":38},"end":{"line":42,"column":9}}},"6":{"name":"(anonymous_8)","decl":{"start":{"line":44,"column":6},"end":{"line":44,"column":11}},"loc":{"start":{"line":44,"column":11},"end":{"line":46,"column":7}}},"7":{"name":"(anonymous_9)","decl":{"start":{"line":45,"column":29},"end":{"line":45,"column":30}},"loc":{"start":{"line":45,"column":39},"end":{"line":45,"column":56}}},"8":{"name":"(anonymous_10)","decl":{"start":{"line":51,"column":2},"end":{"line":51,"column":8}},"loc":{"start":{"line":51,"column":62},"end":{"line":72,"column":3}}},"9":{"name":"(anonymous_11)","decl":{"start":{"line":58,"column":24},"end":{"line":58,"column":30}},"loc":{"start":{"line":58,"column":33},"end":{"line":60,"column":9}}},"10":{"name":"(anonymous_12)","decl":{"start":{"line":59,"column":45},"end":{"line":59,"column":52}},"loc":{"start":{"line":59,"column":56},"end":{"line":59,"column":84}}},"11":{"name":"(anonymous_13)","decl":{"start":{"line":74,"column":2},"end":{"line":74,"column":9}},"loc":{"start":{"line":74,"column":20},"end":{"line":76,"column":3}}},"12":{"name":"(anonymous_14)","decl":{"start":{"line":75,"column":27},"end":{"line":75,"column":34}},"loc":{"start":{"line":75,"column":38},"end":{"line":75,"column":56}}}},"branchMap":{"0":{"loc":{"start":{"line":56,"column":6},"end":{"line":61,"column":null}},"type":"if","locations":[{"start":{"line":56,"column":6},"end":{"line":61,"column":null}}]},"1":{"loc":{"start":{"line":63,"column":6},"end":{"line":63,"column":84}},"type":"if","locations":[{"start":{"line":63,"column":6},"end":{"line":63,"column":84}}]}},"s":{"0":2,"1":2,"2":2,"3":2,"4":2,"5":6,"6":1,"7":1,"8":1,"9":1,"10":1,"11":1,"12":0,"13":0,"14":0,"15":0,"16":1,"17":5,"18":1,"19":2,"20":2,"21":2,"22":2,"23":2,"24":2,"25":2,"26":10,"27":2,"28":1,"29":2,"30":0,"31":1,"32":5,"33":2},"f":{"0":6,"1":1,"2":1,"3":1,"4":0,"5":0,"6":1,"7":5,"8":2,"9":2,"10":10,"11":1,"12":5},"b":{"0":[2],"1":[1]}}
,"/Users/raul/_dev/HACKATHONS/f5/hackathon-f5/backend/src/products/dto/create-product.dto.ts": {"path":"/Users/raul/_dev/HACKATHONS/f5/hackathon-f5/backend/src/products/dto/create-product.dto.ts","statementMap":{"0":{"start":{"line":1,"column":0},"end":{"line":1,"column":13}}},"fnMap":{},"branchMap":{},"s":{"0":1},"f":{},"b":{}}
}
